25/02/2022 20:14:06.296 Parsing config.cfg
25/02/2022 20:14:06.296 Starting PetaCloud RPG on port 8888
25/02/2022 20:14:07.656 Server thread is alive
25/02/2022 20:14:07.656 Master list events count: 10
25/02/2022 20:14:07.843 Utilis: script loaded: rcon
25/02/2022 20:14:07.843 Utilis: script loaded: playerSpawn
25/02/2022 20:14:07.843 Utilis: script loaded: carSpawning
25/02/2022 20:14:07.843 Utilis: script loaded: weapons
25/02/2022 20:14:07.843 Utilis: script loaded: skins
25/02/2022 20:14:07.843 Utilis: script loaded: TeamSpeak
25/02/2022 20:14:07.843 Utilis: script loaded: npc/npcRecorder
25/02/2022 20:14:07.843 Utilis: script loaded: npc/npcLoader
25/02/2022 20:14:07.843 Utilis: script loaded: entities
25/02/2022 20:14:07.859 Utilis: script loaded: watermark
25/02/2022 20:14:07.859 PlayerTable loaded
25/02/2022 20:14:14.500 !Error: MasterList lost connection: Connection attempt failed
25/02/2022 20:14:56.062 Lib: Client connected with id : 1, check id : 1 , ip: 192.168.178.27
25/02/2022 20:14:56.062 Player PetaCloud(1) credentials arrived
25/02/2022 20:16:13.250 Lib: Client disconnected with id: 1
25/02/2022 20:40:37.796 Parsing config.cfg
25/02/2022 20:40:37.796 Starting PetaCloud RPG on port 8888
25/02/2022 20:40:37.171 Server thread is alive
25/02/2022 20:40:37.171 Master list events count: 10
25/02/2022 20:40:37.328 Utilis: script loaded: rcon
25/02/2022 20:40:37.343 Utilis: script loaded: playerSpawn
25/02/2022 20:40:37.343 Utilis: script loaded: carSpawning
25/02/2022 20:40:37.343 Utilis: script loaded: weapons
25/02/2022 20:40:37.343 Utilis: script loaded: skins
25/02/2022 20:40:37.343 Utilis: script loaded: TeamSpeak
25/02/2022 20:40:37.343 Utilis: script loaded: npc/npcRecorder
25/02/2022 20:40:37.343 Utilis: script loaded: npc/npcLoader
25/02/2022 20:40:37.343 Utilis: script loaded: entities
25/02/2022 20:40:37.343 Utilis: script loaded: watermark
25/02/2022 20:40:37.343 PlayerTable loaded
25/02/2022 20:40:44.953 !Error: MasterList lost connection: Connection attempt failed
25/02/2022 20:41:55.609 Lib: Client connected with id : 1, check id : 1 , ip: 192.168.178.27
25/02/2022 20:41:55.609 Player Mike(1) credentials arrived
25/02/2022 20:42:28.000 Lib: Client disconnected with id: 1
25/02/2022 20:42:55.687 Parsing config.cfg
25/02/2022 20:42:55.687 Starting PetaCloud RPG on port 8888
25/02/2022 20:42:55.046 Server thread is alive
25/02/2022 20:42:55.046 Master list events count: 10
25/02/2022 20:42:55.187 Utilis: script loaded: rcon
25/02/2022 20:42:55.187 Utilis: script loaded: playerSpawn
25/02/2022 20:42:55.187 Utilis: script loaded: carSpawning
25/02/2022 20:42:55.187 Utilis: script loaded: weapons
25/02/2022 20:42:55.187 Utilis: script loaded: skins
25/02/2022 20:42:55.187 Utilis: script loaded: TeamSpeak
25/02/2022 20:42:55.187 Utilis: script loaded: npc/npcRecorder
25/02/2022 20:42:55.187 Utilis: script loaded: npc/npcLoader
25/02/2022 20:42:55.187 Utilis: script loaded: entities
25/02/2022 20:42:55.203 Utilis: script loaded: watermark
25/02/2022 20:42:55.203 PlayerTable loaded
25/02/2022 20:43:02.828 !Error: MasterList lost connection: Connection attempt failed
25/02/2022 20:43:40.265 Lib: Client connected with id : 1, check id : 1 , ip: 192.168.178.27
25/02/2022 20:43:40.265 Player Mike(1) credentials arrived
25/02/2022 20:43:53.421 Lib: Client disconnected with id: 1
25/02/2022 20:45:25.875 Parsing config.cfg
25/02/2022 20:45:25.875 Starting PetaCloud RPG on port 8888
25/02/2022 20:45:25.250 Server thread is alive
25/02/2022 20:45:25.250 Master list events count: 10
25/02/2022 20:45:25.390 Utilis: script loaded: rcon
25/02/2022 20:45:25.390 Utilis: script loaded: playerSpawn
25/02/2022 20:45:25.390 Utilis: script loaded: carSpawning
25/02/2022 20:45:25.390 Utilis: script loaded: weapons
25/02/2022 20:45:25.390 Utilis: script loaded: skins
25/02/2022 20:45:25.390 Utilis: script loaded: TeamSpeak
25/02/2022 20:45:25.390 Utilis: script loaded: npc/npcRecorder
25/02/2022 20:45:25.390 Utilis: script loaded: npc/npcLoader
25/02/2022 20:45:25.390 Utilis: script loaded: entities
25/02/2022 20:45:25.390 Utilis: script loaded: watermark
25/02/2022 20:45:25.406 PlayerTable loaded
25/02/2022 20:45:32.046 !Error: MasterList lost connection: Connection attempt failed
25/02/2022 20:46:12.312 Lib: Client connected with id : 1, check id : 1 , ip: 192.168.178.27
25/02/2022 20:46:12.312 Player Mike(1) credentials arrived
25/02/2022 20:46:50.234 Lib: Client disconnected with id: 1
25/02/2022 20:47:25.796 Parsing config.cfg
25/02/2022 20:47:25.796 Starting PetaCloud RPG on port 8888
25/02/2022 20:47:25.156 Server thread is alive
25/02/2022 20:47:25.156 Master list events count: 10
25/02/2022 20:47:25.328 Utilis: script loaded: rcon
25/02/2022 20:47:25.328 Utilis: script loaded: playerSpawn
25/02/2022 20:47:25.328 Utilis: script loaded: carSpawning
25/02/2022 20:47:25.328 Utilis: script loaded: weapons
25/02/2022 20:47:25.328 Utilis: script loaded: skins
25/02/2022 20:47:25.328 Utilis: script loaded: TeamSpeak
25/02/2022 20:47:25.328 Utilis: script loaded: npc/npcRecorder
25/02/2022 20:47:25.328 Utilis: script loaded: npc/npcLoader
25/02/2022 20:47:25.328 Utilis: script loaded: entities
25/02/2022 20:47:25.328 Utilis: script loaded: watermark
25/02/2022 20:47:25.328 PlayerTable loaded
25/02/2022 20:47:32.968 !Error: MasterList lost connection: Connection attempt failed
25/02/2022 20:48:17.078 Lib: Client connected with id : 1, check id : 1 , ip: 192.168.178.27
25/02/2022 20:48:17.078 Player Mike(1) credentials arrived
25/02/2022 20:48:46.765 Lib: Client disconnected with id: 1
25/02/2022 20:50:24.578 Parsing config.cfg
25/02/2022 20:50:24.578 Starting PetaCloud RPG on port 8888
25/02/2022 20:50:24.953 Server thread is alive
25/02/2022 20:50:24.953 Master list events count: 10
25/02/2022 20:50:24.109 Utilis: script loaded: rcon
25/02/2022 20:50:24.109 Utilis: script loaded: playerSpawn
25/02/2022 20:50:24.109 Utilis: script loaded: carSpawning
25/02/2022 20:50:24.109 Utilis: script loaded: weapons
25/02/2022 20:50:24.109 Utilis: script loaded: skins
25/02/2022 20:50:24.109 Utilis: script loaded: TeamSpeak
25/02/2022 20:50:24.109 Utilis: script loaded: npc/npcRecorder
25/02/2022 20:50:24.109 Utilis: script loaded: npc/npcLoader
25/02/2022 20:50:24.109 Utilis: script loaded: entities
25/02/2022 20:50:24.109 Utilis: script loaded: watermark
25/02/2022 20:50:24.109 PlayerTable loaded
25/02/2022 20:50:31.750 !Error: MasterList lost connection: Connection attempt failed
25/02/2022 20:51:08.734 Lib: Client connected with id : 1, check id : 1 , ip: 192.168.178.27
25/02/2022 20:51:08.734 Player Mike(1) credentials arrived
25/02/2022 20:52:16.468 Lib: Client disconnected with id: 1
25/02/2022 20:52:50.875 Parsing config.cfg
25/02/2022 20:52:50.875 Starting PetaCloud RPG on port 8888
25/02/2022 20:52:50.234 Server thread is alive
25/02/2022 20:52:50.234 Master list events count: 10
25/02/2022 20:52:50.406 Utilis: script loaded: rcon
25/02/2022 20:52:50.406 Utilis: script loaded: playerSpawn
25/02/2022 20:52:50.406 Utilis: script loaded: carSpawning
25/02/2022 20:52:50.406 Utilis: script loaded: weapons
25/02/2022 20:52:50.406 Utilis: script loaded: skins
25/02/2022 20:52:50.406 Utilis: script loaded: TeamSpeak
25/02/2022 20:52:50.406 Utilis: script loaded: npc/npcRecorder
25/02/2022 20:52:50.406 Utilis: script loaded: npc/npcLoader
25/02/2022 20:52:50.406 Utilis: script loaded: entities
25/02/2022 20:52:50.406 Utilis: script loaded: watermark
25/02/2022 20:52:50.406 PlayerTable loaded
25/02/2022 20:52:57.046 !Error: MasterList lost connection: Connection attempt failed
25/02/2022 20:53:45.703 Lib: Client connected with id : 1, check id : 1 , ip: 192.168.178.27
25/02/2022 20:53:45.703 Player Mike(1) credentials arrived
25/02/2022 20:54:13.343 Lib: Client disconnected with id: 1
25/02/2022 20:55:13.000 Parsing config.cfg
25/02/2022 20:55:13.000 Starting PetaCloud RPG on port 8888
25/02/2022 20:55:13.359 Server thread is alive
25/02/2022 20:55:13.359 Master list events count: 10
25/02/2022 20:55:14.515 Utilis: script loaded: rcon
25/02/2022 20:55:14.515 Utilis: script loaded: playerSpawn
25/02/2022 20:55:14.515 Utilis: script loaded: carSpawning
25/02/2022 20:55:14.515 Utilis: script loaded: weapons
25/02/2022 20:55:14.515 Utilis: script loaded: skins
25/02/2022 20:55:14.515 Utilis: script loaded: TeamSpeak
25/02/2022 20:55:14.515 Utilis: script loaded: npc/npcRecorder
25/02/2022 20:55:14.515 Utilis: script loaded: npc/npcLoader
25/02/2022 20:55:14.515 Utilis: script loaded: entities
25/02/2022 20:55:14.515 Utilis: script loaded: watermark
25/02/2022 20:55:14.515 PlayerTable loaded
25/02/2022 20:55:20.156 !Error: MasterList lost connection: Connection attempt failed
25/02/2022 20:55:59.468 Lib: Client connected with id : 1, check id : 1 , ip: 192.168.178.27
25/02/2022 20:55:59.468 Player Mike(1) credentials arrived
25/02/2022 20:56:19.484 Lib: Client disconnected with id: 1
25/02/2022 20:56:49.687 Parsing config.cfg
25/02/2022 20:56:49.687 Starting PetaCloud RPG on port 8888
25/02/2022 20:56:49.046 Server thread is alive
25/02/2022 20:56:49.046 Master list events count: 10
25/02/2022 20:56:49.203 Utilis: script loaded: rcon
25/02/2022 20:56:49.203 Utilis: script loaded: playerSpawn
25/02/2022 20:56:49.203 Utilis: script loaded: carSpawning
25/02/2022 20:56:49.203 Utilis: script loaded: weapons
25/02/2022 20:56:49.218 Utilis: script loaded: skins
25/02/2022 20:56:49.218 Utilis: script loaded: TeamSpeak
25/02/2022 20:56:49.218 Utilis: script loaded: npc/npcRecorder
25/02/2022 20:56:49.218 Utilis: script loaded: npc/npcLoader
25/02/2022 20:56:49.218 Utilis: script loaded: entities
25/02/2022 20:56:49.218 Utilis: script loaded: watermark
25/02/2022 20:56:49.218 PlayerTable loaded
25/02/2022 20:56:56.843 !Error: MasterList lost connection: Connection attempt failed
25/02/2022 20:57:32.203 Lib: Client connected with id : 1, check id : 1 , ip: 192.168.178.27
25/02/2022 20:57:32.203 Player Mike(1) credentials arrived
25/02/2022 20:58:05.968 Lib: Client disconnected with id: 1
25/02/2022 20:58:32.421 Parsing config.cfg
25/02/2022 20:58:32.421 Starting PetaCloud RPG on port 8888
25/02/2022 20:58:33.781 Server thread is alive
25/02/2022 20:58:33.796 Master list events count: 10
25/02/2022 20:58:33.062 Utilis: script loaded: rcon
25/02/2022 20:58:33.062 Utilis: script loaded: playerSpawn
25/02/2022 20:58:33.062 Utilis: script loaded: carSpawning
25/02/2022 20:58:33.062 Utilis: script loaded: weapons
25/02/2022 20:58:33.062 Utilis: script loaded: skins
25/02/2022 20:58:33.062 Utilis: script loaded: TeamSpeak
25/02/2022 20:58:33.062 Utilis: script loaded: npc/npcRecorder
25/02/2022 20:58:33.062 Utilis: script loaded: npc/npcLoader
25/02/2022 20:58:33.062 Utilis: script loaded: entities
25/02/2022 20:58:33.062 Utilis: script loaded: watermark
25/02/2022 20:58:33.062 PlayerTable loaded
25/02/2022 20:58:40.703 !Error: MasterList lost connection: Connection attempt failed
25/02/2022 20:59:18.703 Lib: Client connected with id : 1, check id : 1 , ip: 192.168.178.27
25/02/2022 20:59:18.703 Player Mike(1) credentials arrived
25/02/2022 20:59:40.375 Lib: Client disconnected with id: 1
25/02/2022 21:00:07.312 Parsing config.cfg
25/02/2022 21:00:07.312 Starting PetaCloud RPG on port 8888
25/02/2022 21:00:08.671 Server thread is alive
25/02/2022 21:00:08.671 Master list events count: 10
25/02/2022 21:00:08.828 Utilis: script loaded: rcon
25/02/2022 21:00:08.828 Utilis: script loaded: playerSpawn
25/02/2022 21:00:08.828 Utilis: script loaded: carSpawning
25/02/2022 21:00:08.828 Utilis: script loaded: weapons
25/02/2022 21:00:08.828 Utilis: script loaded: skins
25/02/2022 21:00:08.828 Utilis: script loaded: TeamSpeak
25/02/2022 21:00:08.828 Utilis: script loaded: npc/npcRecorder
25/02/2022 21:00:08.828 Utilis: script loaded: npc/npcLoader
25/02/2022 21:00:08.828 Utilis: script loaded: entities
25/02/2022 21:00:08.828 Utilis: script loaded: watermark
25/02/2022 21:00:08.828 PlayerTable loaded
25/02/2022 21:00:15.484 !Error: MasterList lost connection: Connection attempt failed
25/02/2022 21:00:52.953 Lib: Client connected with id : 1, check id : 1 , ip: 192.168.178.27
25/02/2022 21:00:52.953 Player Mike(1) credentials arrived
25/02/2022 21:01:23.296 Lib: Client disconnected with id: 1
25/02/2022 21:01:56.062 Parsing config.cfg
25/02/2022 21:01:56.062 Starting PetaCloud RPG on port 8888
25/02/2022 21:01:56.421 Server thread is alive
25/02/2022 21:01:56.421 Master list events count: 10
25/02/2022 21:01:57.578 Utilis: script loaded: rcon
25/02/2022 21:01:57.578 Utilis: script loaded: playerSpawn
25/02/2022 21:01:57.578 Utilis: script loaded: carSpawning
25/02/2022 21:01:57.578 Utilis: script loaded: weapons
25/02/2022 21:01:57.578 Utilis: script loaded: skins
25/02/2022 21:01:57.578 Utilis: script loaded: TeamSpeak
25/02/2022 21:01:57.578 Utilis: script loaded: npc/npcRecorder
25/02/2022 21:01:57.578 Utilis: script loaded: npc/npcLoader
25/02/2022 21:01:57.578 Utilis: script loaded: entities
25/02/2022 21:01:57.578 Utilis: script loaded: watermark
25/02/2022 21:01:57.578 PlayerTable loaded
25/02/2022 21:02:03.218 !Error: MasterList lost connection: Connection attempt failed
25/02/2022 21:02:40.671 Lib: Client connected with id : 1, check id : 1 , ip: 192.168.178.27
25/02/2022 21:02:40.671 Player Mike(1) credentials arrived
25/02/2022 21:03:06.734 Lib: Client disconnected with id: 1
25/02/2022 21:03:59.718 Parsing config.cfg
25/02/2022 21:03:59.718 Starting PetaCloud RPG on port 8888
25/02/2022 21:03:59.078 Server thread is alive
25/02/2022 21:03:59.078 Master list events count: 10
25/02/2022 21:03:59.250 Utilis: script loaded: rcon
25/02/2022 21:03:59.250 Utilis: script loaded: playerSpawn
25/02/2022 21:03:59.250 Utilis: script loaded: carSpawning
25/02/2022 21:03:59.250 Utilis: script loaded: weapons
25/02/2022 21:03:59.250 Utilis: script loaded: skins
25/02/2022 21:03:59.250 Utilis: script loaded: TeamSpeak
25/02/2022 21:03:59.250 Utilis: script loaded: npc/npcRecorder
25/02/2022 21:03:59.250 Utilis: script loaded: npc/npcLoader
25/02/2022 21:03:59.250 Utilis: script loaded: entities
25/02/2022 21:03:59.250 Utilis: script loaded: watermark
25/02/2022 21:03:59.250 PlayerTable loaded
25/02/2022 21:04:06.890 !Error: MasterList lost connection: Connection attempt failed
25/02/2022 21:04:42.203 Lib: Client connected with id : 1, check id : 1 , ip: 192.168.178.27
25/02/2022 21:04:42.203 Player Mike(1) credentials arrived
25/02/2022 21:05:08.390 Lib: Client disconnected with id: 1
25/02/2022 21:05:47.390 Parsing config.cfg
25/02/2022 21:05:47.390 Starting PetaCloud RPG on port 8888
25/02/2022 21:05:48.765 Server thread is alive
25/02/2022 21:05:48.765 Master list events count: 10
25/02/2022 21:05:48.906 Utilis: script loaded: rcon
25/02/2022 21:05:48.906 Utilis: script loaded: playerSpawn
25/02/2022 21:05:48.906 Utilis: script loaded: carSpawning
25/02/2022 21:05:48.906 Utilis: script loaded: weapons
25/02/2022 21:05:48.906 Utilis: script loaded: skins
25/02/2022 21:05:48.906 Utilis: script loaded: TeamSpeak
25/02/2022 21:05:48.921 Utilis: script loaded: npc/npcRecorder
25/02/2022 21:05:48.921 Utilis: script loaded: npc/npcLoader
25/02/2022 21:05:48.921 Utilis: script loaded: entities
25/02/2022 21:05:48.921 Utilis: script loaded: watermark
25/02/2022 21:05:48.921 PlayerTable loaded
25/02/2022 21:05:55.562 !Error: MasterList lost connection: Connection attempt failed
25/02/2022 21:06:32.640 Lib: Client connected with id : 1, check id : 1 , ip: 192.168.178.27
25/02/2022 21:06:32.640 Player Mike(1) credentials arrived
25/02/2022 21:07:05.015 Lib: Client disconnected with id: 1
25/02/2022 21:11:44.859 Parsing config.cfg
25/02/2022 21:11:44.859 Starting PetaCloud RPG on port 8888
25/02/2022 21:11:44.203 Server thread is alive
25/02/2022 21:11:44.203 Master list events count: 10
25/02/2022 21:11:44.375 Utilis: script loaded: rcon
25/02/2022 21:11:44.375 Utilis: script loaded: playerSpawn
25/02/2022 21:11:44.375 Utilis: script loaded: carSpawning
25/02/2022 21:11:44.375 Utilis: script loaded: weapons
25/02/2022 21:11:44.375 Utilis: script loaded: skins
25/02/2022 21:11:44.375 Utilis: script loaded: TeamSpeak
25/02/2022 21:11:44.375 Utilis: script loaded: npc/npcRecorder
25/02/2022 21:11:44.375 Utilis: script loaded: npc/npcLoader
25/02/2022 21:11:44.375 Utilis: script loaded: entities
25/02/2022 21:11:44.375 Utilis: script loaded: watermark
25/02/2022 21:11:44.375 PlayerTable loaded
25/02/2022 21:11:51.031 !Error: MasterList lost connection: Connection attempt failed
25/02/2022 21:12:29.890 Lib: Client connected with id : 1, check id : 1 , ip: 192.168.178.27
25/02/2022 21:12:29.890 Player Mike(1) credentials arrived
25/02/2022 21:16:07.937 Lib: Client disconnected with id: 1
25/02/2022 21:16:15.703 Parsing config.cfg
25/02/2022 21:16:15.703 Starting PetaCloud RPG on port 8888
25/02/2022 21:16:15.078 Server thread is alive
25/02/2022 21:16:15.078 Master list events count: 10
25/02/2022 21:16:15.218 main.lua:275: <name> expected near '"/lskin"'
25/02/2022 21:16:38.531 Parsing config.cfg
25/02/2022 21:16:38.531 Starting PetaCloud RPG on port 8888
25/02/2022 21:16:38.890 Server thread is alive
25/02/2022 21:16:38.890 Master list events count: 10
25/02/2022 21:16:38.046 Utilis: script loaded: rcon
25/02/2022 21:16:38.046 Utilis: script loaded: playerSpawn
25/02/2022 21:16:38.046 Utilis: script loaded: carSpawning
25/02/2022 21:16:38.046 Utilis: script loaded: weapons
25/02/2022 21:16:38.046 Utilis: script loaded: skins
25/02/2022 21:16:38.046 Utilis: script loaded: TeamSpeak
25/02/2022 21:16:38.046 Utilis: script loaded: npc/npcRecorder
25/02/2022 21:16:38.046 Utilis: script loaded: npc/npcLoader
25/02/2022 21:16:38.046 Utilis: script loaded: entities
25/02/2022 21:16:38.046 Utilis: script loaded: watermark
25/02/2022 21:16:38.046 PlayerTable loaded
25/02/2022 21:16:45.687 !Error: MasterList lost connection: Connection attempt failed
25/02/2022 21:17:24.546 Lib: Client connected with id : 1, check id : 1 , ip: 192.168.178.27
25/02/2022 21:17:24.546 Player Mike(1) credentials arrived
25/02/2022 21:18:56.250 Lib: Client disconnected with id: 1
25/02/2022 21:19:03.984 Parsing config.cfg
25/02/2022 21:19:03.984 Starting PetaCloud RPG on port 8888
25/02/2022 21:19:03.343 Server thread is alive
25/02/2022 21:19:03.343 Master list events count: 10
25/02/2022 21:19:07.593 Utilis: script loaded: rcon
25/02/2022 21:19:07.593 Utilis: script loaded: playerSpawn
25/02/2022 21:19:07.593 Utilis: script loaded: carSpawning
25/02/2022 21:19:07.593 Utilis: script loaded: weapons
25/02/2022 21:19:07.593 Utilis: script loaded: skins
25/02/2022 21:19:07.593 Utilis: script loaded: TeamSpeak
25/02/2022 21:19:07.593 Utilis: script loaded: npc/npcRecorder
25/02/2022 21:19:07.593 Utilis: script loaded: npc/npcLoader
25/02/2022 21:19:07.593 Utilis: script loaded: entities
25/02/2022 21:19:07.593 Utilis: script loaded: watermark
25/02/2022 21:19:07.593 PlayerTable loaded
25/02/2022 21:19:13.234 !Error: MasterList lost connection: Connection attempt failed
25/02/2022 21:19:51.656 Lib: Client connected with id : 1, check id : 1 , ip: 192.168.178.27
25/02/2022 21:19:51.656 Player Mike(1) credentials arrived
25/02/2022 21:20:21.015 Lib: Client disconnected with id: 1
25/02/2022 21:23:24.765 Parsing config.cfg
25/02/2022 21:23:24.765 Starting PetaCloud RPG on port 8888
25/02/2022 21:23:24.125 Server thread is alive
25/02/2022 21:23:24.125 Master list events count: 10
25/02/2022 21:23:24.281 Utilis: script loaded: rcon
25/02/2022 21:23:24.281 Utilis: script loaded: playerSpawn
25/02/2022 21:23:24.281 Utilis: script loaded: carSpawning
25/02/2022 21:23:24.281 Utilis: script loaded: weapons
25/02/2022 21:23:24.281 Utilis: script loaded: skins
25/02/2022 21:23:24.281 Utilis: script loaded: TeamSpeak
25/02/2022 21:23:24.281 Utilis: script loaded: npc/npcRecorder
25/02/2022 21:23:24.281 Utilis: script loaded: npc/npcLoader
25/02/2022 21:23:24.281 Utilis: script loaded: entities
25/02/2022 21:23:24.281 Utilis: script loaded: watermark
25/02/2022 21:23:24.281 PlayerTable loaded
25/02/2022 21:23:31.921 !Error: MasterList lost connection: Connection attempt failed
25/02/2022 21:24:20.796 Lib: Client connected with id : 1, check id : 1 , ip: 192.168.178.27
25/02/2022 21:24:20.796 Player Mike(1) credentials arrived
25/02/2022 21:25:15.406 Lib: Client disconnected with id: 1
25/02/2022 21:25:20.359 Parsing config.cfg
25/02/2022 21:25:20.359 Starting PetaCloud RPG on port 8888
25/02/2022 21:25:21.593 Network startup failed: 5
25/02/2022 21:25:21.796 Network core is inactive
25/02/2022 21:25:24.390 Parsing config.cfg
25/02/2022 21:25:24.390 Starting PetaCloud RPG on port 8888
25/02/2022 21:25:25.750 Server thread is alive
25/02/2022 21:25:25.750 Master list events count: 10
25/02/2022 21:25:25.921 Utilis: script loaded: rcon
25/02/2022 21:25:25.921 Utilis: script loaded: playerSpawn
25/02/2022 21:25:25.921 Utilis: script loaded: carSpawning
25/02/2022 21:25:25.921 Utilis: script loaded: weapons
25/02/2022 21:25:25.921 Utilis: script loaded: skins
25/02/2022 21:25:25.921 Utilis: script loaded: TeamSpeak
25/02/2022 21:25:25.921 Utilis: script loaded: npc/npcRecorder
25/02/2022 21:25:25.921 Utilis: script loaded: npc/npcLoader
25/02/2022 21:25:25.921 Utilis: script loaded: entities
25/02/2022 21:25:25.921 Utilis: script loaded: watermark
25/02/2022 21:25:25.921 PlayerTable loaded
25/02/2022 21:25:32.578 !Error: MasterList lost connection: Connection attempt failed
25/02/2022 21:26:09.578 Lib: Client connected with id : 1, check id : 1 , ip: 192.168.178.27
25/02/2022 21:26:09.578 Player Mike(1) credentials arrived
25/02/2022 21:26:09.609 !Last executable task: 0, 0
25/02/2022 21:26:09.609 Creating dump
25/02/2022 21:26:09.609 D:\IV Server\2022-2-25-20-26-9.dmp
25/02/2022 21:26:09.765 Created
25/02/2022 21:27:31.984 Parsing config.cfg
25/02/2022 21:27:31.984 Starting PetaCloud RPG on port 8888
25/02/2022 21:27:31.343 Server thread is alive
25/02/2022 21:27:31.343 Master list events count: 10
25/02/2022 21:27:32.500 Utilis: script loaded: rcon
25/02/2022 21:27:32.500 Utilis: script loaded: playerSpawn
25/02/2022 21:27:32.500 Utilis: script loaded: carSpawning
25/02/2022 21:27:32.500 Utilis: script loaded: weapons
25/02/2022 21:27:32.500 Utilis: script loaded: skins
25/02/2022 21:27:32.500 Utilis: script loaded: TeamSpeak
25/02/2022 21:27:32.500 Utilis: script loaded: npc/npcRecorder
25/02/2022 21:27:32.500 Utilis: script loaded: npc/npcLoader
25/02/2022 21:27:32.500 Utilis: script loaded: entities
25/02/2022 21:27:32.500 Utilis: script loaded: watermark
25/02/2022 21:27:32.500 PlayerTable loaded
25/02/2022 21:27:38.156 !Error: MasterList lost connection: Connection attempt failed
25/02/2022 21:28:15.828 Lib: Client connected with id : 1, check id : 1 , ip: 192.168.178.27
25/02/2022 21:28:15.828 Player Mike(1) credentials arrived
25/02/2022 21:28:15.828 False
25/02/2022 21:28:27.421 Lib: Client disconnected with id: 1
25/02/2022 21:29:34.156 Parsing config.cfg
25/02/2022 21:29:34.156 Starting PetaCloud RPG on port 8888
25/02/2022 21:29:35.515 Server thread is alive
25/02/2022 21:29:35.515 Master list events count: 10
25/02/2022 21:29:35.656 Utilis: script loaded: rcon
25/02/2022 21:29:35.656 Utilis: script loaded: playerSpawn
25/02/2022 21:29:35.656 Utilis: script loaded: carSpawning
25/02/2022 21:29:35.656 Utilis: script loaded: weapons
25/02/2022 21:29:35.656 Utilis: script loaded: skins
25/02/2022 21:29:35.656 Utilis: script loaded: TeamSpeak
25/02/2022 21:29:35.671 Utilis: script loaded: npc/npcRecorder
25/02/2022 21:29:35.671 Utilis: script loaded: npc/npcLoader
25/02/2022 21:29:35.671 Utilis: script loaded: entities
25/02/2022 21:29:35.671 Utilis: script loaded: watermark
25/02/2022 21:29:35.671 PlayerTable loaded
25/02/2022 21:29:41.312 !Error: MasterList lost connection: Connection attempt failed
25/02/2022 21:30:20.625 Lib: Client connected with id : 1, check id : 1 , ip: 192.168.178.27
25/02/2022 21:30:20.625 Player Mike(1) credentials arrived
25/02/2022 21:30:20.625 True
25/02/2022 21:30:43.250 Lib: Client disconnected with id: 1
25/02/2022 21:30:56.234 Parsing config.cfg
25/02/2022 21:30:56.234 Starting PetaCloud RPG on port 8888
25/02/2022 21:30:57.578 Server thread is alive
25/02/2022 21:30:57.578 Master list events count: 10
25/02/2022 21:30:57.750 Utilis: script loaded: rcon
25/02/2022 21:30:57.750 Utilis: script loaded: playerSpawn
25/02/2022 21:30:57.750 Utilis: script loaded: carSpawning
25/02/2022 21:30:57.750 Utilis: script loaded: weapons
25/02/2022 21:30:57.750 Utilis: script loaded: skins
25/02/2022 21:30:57.750 Utilis: script loaded: TeamSpeak
25/02/2022 21:30:57.750 Utilis: script loaded: npc/npcRecorder
25/02/2022 21:30:57.750 Utilis: script loaded: npc/npcLoader
25/02/2022 21:30:57.750 Utilis: script loaded: entities
25/02/2022 21:30:57.750 Utilis: script loaded: watermark
25/02/2022 21:30:57.750 PlayerTable loaded
25/02/2022 21:31:03.390 !Error: MasterList lost connection: Connection attempt failed
25/02/2022 21:31:43.687 Lib: Client connected with id : 1, check id : 1 , ip: 192.168.178.27
25/02/2022 21:31:43.687 Player MikeLong(1) credentials arrived
25/02/2022 21:31:43.687 False
25/02/2022 21:31:55.609 Lib: Client disconnected with id: 1
25/02/2022 21:39:48.125 Parsing config.cfg
25/02/2022 21:39:48.125 Starting PetaCloud RPG on port 8888
25/02/2022 21:39:49.468 Server thread is alive
25/02/2022 21:39:49.468 Master list events count: 10
25/02/2022 21:39:49.640 Utilis: script loaded: rcon
25/02/2022 21:39:49.656 Utilis: script loaded: playerSpawn
25/02/2022 21:39:49.656 Utilis: script loaded: carSpawning
25/02/2022 21:39:49.656 Utilis: script loaded: weapons
25/02/2022 21:39:49.656 Utilis: script loaded: skins
25/02/2022 21:39:49.656 Utilis: script loaded: TeamSpeak
25/02/2022 21:39:49.656 Utilis: script loaded: npc/npcRecorder
25/02/2022 21:39:49.656 Utilis: script loaded: npc/npcLoader
25/02/2022 21:39:49.656 Utilis: script loaded: entities
25/02/2022 21:39:49.656 Utilis: script loaded: watermark
25/02/2022 21:39:49.656 PlayerTable loaded
25/02/2022 21:39:55.312 !Error: MasterList lost connection: Connection attempt failed
25/02/2022 21:40:33.875 Lib: Client connected with id : 1, check id : 1 , ip: 192.168.178.27
25/02/2022 21:40:33.875 Player MikeLong(1) credentials arrived
25/02/2022 21:40:57.312 Event Command: main.lua:278: attempt to index a nil value (field '?')
25/02/2022 21:45:29.312 Lib: Client disconnected with id: 1
25/02/2022 21:45:38.046 Parsing config.cfg
25/02/2022 21:45:38.046 Starting PetaCloud RPG on port 8888
25/02/2022 21:45:38.406 Server thread is alive
25/02/2022 21:45:38.406 Master list events count: 10
25/02/2022 21:45:39.578 Utilis: script loaded: rcon
25/02/2022 21:45:39.578 Utilis: script loaded: playerSpawn
25/02/2022 21:45:39.593 Utilis: script loaded: carSpawning
25/02/2022 21:45:39.593 Utilis: script loaded: weapons
25/02/2022 21:45:39.593 Utilis: script loaded: skins
25/02/2022 21:45:39.593 Utilis: script loaded: TeamSpeak
25/02/2022 21:45:39.593 Utilis: script loaded: npc/npcRecorder
25/02/2022 21:45:39.593 Utilis: script loaded: npc/npcLoader
25/02/2022 21:45:39.593 Utilis: script loaded: entities
25/02/2022 21:45:39.593 Utilis: script loaded: watermark
25/02/2022 21:45:39.593 PlayerTable loaded
25/02/2022 21:45:45.250 !Error: MasterList lost connection: Connection attempt failed
25/02/2022 21:46:31.250 Lib: Client connected with id : 1, check id : 1 , ip: 192.168.178.27
25/02/2022 21:46:31.250 Player MikeVery(1) credentials arrived
25/02/2022 21:47:35.625 Lib: Client disconnected with id: 1
25/02/2022 21:47:42.546 Parsing config.cfg
25/02/2022 21:47:42.546 Starting PetaCloud RPG on port 8888
25/02/2022 21:47:42.890 Server thread is alive
25/02/2022 21:47:42.906 Master list events count: 10
25/02/2022 21:47:42.046 Utilis: script loaded: rcon
25/02/2022 21:47:42.046 Utilis: script loaded: playerSpawn
25/02/2022 21:47:42.046 Utilis: script loaded: carSpawning
25/02/2022 21:47:42.046 Utilis: script loaded: weapons
25/02/2022 21:47:42.046 Utilis: script loaded: skins
25/02/2022 21:47:42.046 Utilis: script loaded: TeamSpeak
25/02/2022 21:47:42.046 Utilis: script loaded: npc/npcRecorder
25/02/2022 21:47:42.046 Utilis: script loaded: npc/npcLoader
25/02/2022 21:47:42.046 Utilis: script loaded: entities
25/02/2022 21:47:42.046 Utilis: script loaded: watermark
25/02/2022 21:47:42.046 PlayerTable loaded
25/02/2022 21:47:49.687 !Error: MasterList lost connection: Connection attempt failed
25/02/2022 21:48:26.015 Lib: Client connected with id : 1, check id : 1 , ip: 192.168.178.27
25/02/2022 21:48:26.015 Player MikeVery(1) credentials arrived
25/02/2022 21:51:25.359 Lib: Client disconnected with id: 1
25/02/2022 21:53:52.578 Parsing config.cfg
25/02/2022 21:53:52.578 Starting PetaCloud RPG on port 8888
25/02/2022 21:53:52.937 Server thread is alive
25/02/2022 21:53:52.937 Master list events count: 10
25/02/2022 21:53:52.109 Utilis: script loaded: rcon
25/02/2022 21:53:52.109 Utilis: script loaded: playerSpawn
25/02/2022 21:53:52.109 Utilis: script loaded: carSpawning
25/02/2022 21:53:52.109 Utilis: script loaded: weapons
25/02/2022 21:53:52.109 Utilis: script loaded: skins
25/02/2022 21:53:52.109 Utilis: script loaded: TeamSpeak
25/02/2022 21:53:52.109 Utilis: script loaded: npc/npcRecorder
25/02/2022 21:53:52.109 Utilis: script loaded: npc/npcLoader
25/02/2022 21:53:52.109 Utilis: script loaded: entities
25/02/2022 21:53:52.109 Utilis: script loaded: watermark
25/02/2022 21:53:52.109 PlayerTable loaded
25/02/2022 21:53:59.765 !Error: MasterList lost connection: Connection attempt failed
25/02/2022 21:54:36.515 Lib: Client connected with id : 1, check id : 1 , ip: 192.168.178.27
25/02/2022 21:54:36.515 Player MikeVery(1) credentials arrived
25/02/2022 21:54:36.515 PT: -1
25/02/2022 21:54:49.015 Lib: Client disconnected with id: 1
25/02/2022 21:54:55.000 Parsing config.cfg
25/02/2022 21:54:55.000 Starting PetaCloud RPG on port 8888
25/02/2022 21:54:55.359 Server thread is alive
25/02/2022 21:54:55.359 Master list events count: 10
25/02/2022 21:54:56.500 Utilis: script loaded: rcon
25/02/2022 21:54:56.500 Utilis: script loaded: playerSpawn
25/02/2022 21:54:56.500 Utilis: script loaded: carSpawning
25/02/2022 21:54:56.500 Utilis: script loaded: weapons
25/02/2022 21:54:56.500 Utilis: script loaded: skins
25/02/2022 21:54:56.500 Utilis: script loaded: TeamSpeak
25/02/2022 21:54:56.500 Utilis: script loaded: npc/npcRecorder
25/02/2022 21:54:56.500 Utilis: script loaded: npc/npcLoader
25/02/2022 21:54:56.500 Utilis: script loaded: entities
25/02/2022 21:54:56.500 Utilis: script loaded: watermark
25/02/2022 21:54:56.500 PlayerTable loaded
25/02/2022 21:55:02.156 !Error: MasterList lost connection: Connection attempt failed
25/02/2022 21:55:47.140 Lib: Client connected with id : 1, check id : 1 , ip: 192.168.178.27
25/02/2022 21:55:47.140 Player MikeVeryLong(1) credentials arrived
25/02/2022 21:56:03.828 PLT: 9
25/02/2022 21:56:09.734 PLT: 10
25/02/2022 21:56:15.031 PLT: 11
25/02/2022 21:56:22.937 !Last executable task: 0, 0
25/02/2022 21:56:22.937 Creating dump
25/02/2022 21:56:22.937 D:\IV Server\2022-2-25-20-56-22.dmp
25/02/2022 21:56:22.031 Created
25/02/2022 21:58:21.640 Parsing config.cfg
25/02/2022 21:58:21.640 Starting PetaCloud RPG on port 8888
25/02/2022 21:58:21.000 Server thread is alive
25/02/2022 21:58:21.000 Master list events count: 10
25/02/2022 21:58:21.156 Utilis: script loaded: rcon
25/02/2022 21:58:21.156 Utilis: script loaded: playerSpawn
25/02/2022 21:58:21.156 Utilis: script loaded: carSpawning
25/02/2022 21:58:21.156 Utilis: script loaded: weapons
25/02/2022 21:58:21.156 Utilis: script loaded: skins
25/02/2022 21:58:21.156 Utilis: script loaded: TeamSpeak
25/02/2022 21:58:21.156 Utilis: script loaded: npc/npcRecorder
25/02/2022 21:58:21.156 Utilis: script loaded: npc/npcLoader
25/02/2022 21:58:21.156 Utilis: script loaded: entities
25/02/2022 21:58:21.156 Utilis: script loaded: watermark
25/02/2022 21:58:21.156 PlayerTable loaded
25/02/2022 21:58:28.796 !Error: MasterList lost connection: Connection attempt failed
25/02/2022 21:59:07.921 Lib: Client connected with id : 1, check id : 1 , ip: 192.168.178.27
25/02/2022 21:59:07.921 Player MikeVeryLong(1) credentials arrived
25/02/2022 21:59:17.046 PLT: 11
25/02/2022 21:59:23.718 PLT: 10
25/02/2022 21:59:25.875 PLT: 9
25/02/2022 21:59:32.328 PT: 9
25/02/2022 21:59:58.015 Lib: Client disconnected with id: 1
25/02/2022 22:00:06.234 Parsing config.cfg
25/02/2022 22:00:06.234 Starting PetaCloud RPG on port 8888
25/02/2022 22:00:07.593 Server thread is alive
25/02/2022 22:00:07.593 Master list events count: 10
25/02/2022 22:00:07.765 Utilis: script loaded: rcon
25/02/2022 22:00:07.765 Utilis: script loaded: playerSpawn
25/02/2022 22:00:07.765 Utilis: script loaded: carSpawning
25/02/2022 22:00:07.765 Utilis: script loaded: weapons
25/02/2022 22:00:07.765 Utilis: script loaded: skins
25/02/2022 22:00:07.765 Utilis: script loaded: TeamSpeak
25/02/2022 22:00:07.765 Utilis: script loaded: npc/npcRecorder
25/02/2022 22:00:07.765 Utilis: script loaded: npc/npcLoader
25/02/2022 22:00:07.765 Utilis: script loaded: entities
25/02/2022 22:00:07.765 Utilis: script loaded: watermark
25/02/2022 22:00:07.765 PlayerTable loaded
25/02/2022 22:00:13.406 !Error: MasterList lost connection: Connection attempt failed
25/02/2022 22:00:50.250 Lib: Client connected with id : 1, check id : 1 , ip: 192.168.178.27
25/02/2022 22:00:50.250 Player MikeVeryLong(1) credentials arrived
25/02/2022 22:00:50.250 PT: -1
25/02/2022 22:02:09.093 Lib: Client disconnected with id: 1
25/02/2022 22:02:26.781 Parsing config.cfg
25/02/2022 22:02:26.781 Starting PetaCloud RPG on port 8888
25/02/2022 22:02:26.140 Server thread is alive
25/02/2022 22:02:26.140 Master list events count: 10
25/02/2022 22:02:26.281 Utilis: script loaded: rcon
25/02/2022 22:02:26.281 Utilis: script loaded: playerSpawn
25/02/2022 22:02:26.281 Utilis: script loaded: carSpawning
25/02/2022 22:02:26.296 Utilis: script loaded: weapons
25/02/2022 22:02:26.296 Utilis: script loaded: skins
25/02/2022 22:02:26.296 Utilis: script loaded: TeamSpeak
25/02/2022 22:02:26.296 Utilis: script loaded: npc/npcRecorder
25/02/2022 22:02:26.296 Utilis: script loaded: npc/npcLoader
25/02/2022 22:02:26.296 Utilis: script loaded: entities
25/02/2022 22:02:26.296 Utilis: script loaded: watermark
25/02/2022 22:02:26.296 PlayerTable loaded
25/02/2022 22:02:33.937 !Error: MasterList lost connection: Connection attempt failed
25/02/2022 22:03:10.828 Lib: Client connected with id : 1, check id : 1 , ip: 192.168.178.27
25/02/2022 22:03:10.828 Player MikeVeryLong(1) credentials arrived
25/02/2022 22:03:22.390 PLT: 9
25/02/2022 22:03:25.468 PLT: 8
25/02/2022 22:03:32.468 PT: 8
25/02/2022 22:03:51.484 Lib: Client disconnected with id: 1
25/02/2022 22:03:59.703 Parsing config.cfg
25/02/2022 22:03:59.703 Starting PetaCloud RPG on port 8888
25/02/2022 22:03:59.062 Server thread is alive
25/02/2022 22:03:59.062 Master list events count: 10
25/02/2022 22:03:59.203 Utilis: script loaded: rcon
25/02/2022 22:03:59.203 Utilis: script loaded: playerSpawn
25/02/2022 22:03:59.203 Utilis: script loaded: carSpawning
25/02/2022 22:03:59.203 Utilis: script loaded: weapons
25/02/2022 22:03:59.203 Utilis: script loaded: skins
25/02/2022 22:03:59.203 Utilis: script loaded: TeamSpeak
25/02/2022 22:03:59.203 Utilis: script loaded: npc/npcRecorder
25/02/2022 22:03:59.203 Utilis: script loaded: npc/npcLoader
25/02/2022 22:03:59.203 Utilis: script loaded: entities
25/02/2022 22:03:59.218 Utilis: script loaded: watermark
25/02/2022 22:03:59.218 PlayerTable loaded
25/02/2022 22:04:06.859 !Error: MasterList lost connection: Connection attempt failed
25/02/2022 22:04:44.500 Lib: Client connected with id : 1, check id : 1 , ip: 192.168.178.27
25/02/2022 22:04:44.500 Player MikeVeryLong(1) credentials arrived
25/02/2022 22:04:44.500 PT: 8
25/02/2022 22:05:39.609 Lib: Client disconnected with id: 1
25/02/2022 22:17:46.765 Parsing config.cfg
25/02/2022 22:17:46.765 Starting PetaCloud RPG on port 8888
25/02/2022 22:17:46.109 Server thread is alive
25/02/2022 22:17:46.109 Master list events count: 10
25/02/2022 22:17:46.281 Utilis: script loaded: rcon
25/02/2022 22:17:46.281 Utilis: script loaded: playerSpawn
25/02/2022 22:17:46.281 Utilis: script loaded: carSpawning
25/02/2022 22:17:46.281 Utilis: script loaded: weapons
25/02/2022 22:17:46.281 Utilis: script loaded: skins
25/02/2022 22:17:46.281 Utilis: script loaded: TeamSpeak
25/02/2022 22:17:46.281 Utilis: script loaded: npc/npcRecorder
25/02/2022 22:17:46.281 Utilis: script loaded: npc/npcLoader
25/02/2022 22:17:46.281 Utilis: script loaded: entities
25/02/2022 22:17:46.281 Utilis: script loaded: watermark
25/02/2022 22:17:46.281 9f86d081884c7d659a2feaa0c55ad015a3bf4f1b2b0b822cd15d6c15b0f00a08
25/02/2022 22:17:46.281 PlayerTable loaded
25/02/2022 22:20:27.984 Parsing config.cfg
25/02/2022 22:20:27.984 Starting PetaCloud RPG on port 8888
25/02/2022 22:20:27.343 Server thread is alive
25/02/2022 22:20:27.343 Master list events count: 10
25/02/2022 22:20:28.500 Utilis: script loaded: rcon
25/02/2022 22:20:28.500 Utilis: script loaded: playerSpawn
25/02/2022 22:20:28.500 Utilis: script loaded: carSpawning
25/02/2022 22:20:28.500 Utilis: script loaded: weapons
25/02/2022 22:20:28.500 Utilis: script loaded: skins
25/02/2022 22:20:28.500 Utilis: script loaded: TeamSpeak
25/02/2022 22:20:28.500 Utilis: script loaded: npc/npcRecorder
25/02/2022 22:20:28.500 Utilis: script loaded: npc/npcLoader
25/02/2022 22:20:28.500 Utilis: script loaded: entities
25/02/2022 22:20:28.500 Utilis: script loaded: watermark
25/02/2022 22:20:28.500 PlayerTable loaded
25/02/2022 22:20:34.156 !Error: MasterList lost connection: Connection attempt failed
25/02/2022 22:21:12.015 Lib: Client connected with id : 1, check id : 1 , ip: 192.168.178.27
25/02/2022 22:21:12.015 Player MikeVeryLong(1) credentials arrived
25/02/2022 22:21:55.718 Lib: Client disconnected with id: 1
25/02/2022 22:22:01.562 Parsing config.cfg
25/02/2022 22:22:01.562 Starting PetaCloud RPG on port 8888
25/02/2022 22:22:01.921 Server thread is alive
25/02/2022 22:22:01.921 Master list events count: 10
25/02/2022 22:22:01.062 Utilis: script loaded: rcon
25/02/2022 22:22:01.062 Utilis: script loaded: playerSpawn
25/02/2022 22:22:01.062 Utilis: script loaded: carSpawning
25/02/2022 22:22:01.078 Utilis: script loaded: weapons
25/02/2022 22:22:01.078 Utilis: script loaded: skins
25/02/2022 22:22:01.078 Utilis: script loaded: TeamSpeak
25/02/2022 22:22:01.078 Utilis: script loaded: npc/npcRecorder
25/02/2022 22:22:01.078 Utilis: script loaded: npc/npcLoader
25/02/2022 22:22:01.078 Utilis: script loaded: entities
25/02/2022 22:22:01.078 Utilis: script loaded: watermark
25/02/2022 22:22:01.078 PlayerTable loaded
25/02/2022 22:22:08.703 !Error: MasterList lost connection: Connection attempt failed
25/02/2022 22:22:47.578 Lib: Client connected with id : 1, check id : 1 , ip: 192.168.178.27
25/02/2022 22:22:47.578 Player MikeVeryLong(1) credentials arrived
25/02/2022 22:23:09.296 Lib: Client disconnected with id: 1
